sync with site complete at Tue, 06 Jul 2021 20:09:19 GMT
sync with site complete at Tue, 06 Jul 2021 20:21:07 GMT
sync with site complete at Tue, 06 Jul 2021 21:50:16 GMT
sync with site complete at Wed, 07 Jul 2021 01:05:48 GMT
sync with site complete at Thu, 08 Jul 2021 01:02:10 GMT
sync with site complete at Fri, 09 Jul 2021 01:03:33 GMT
sync with site complete at Sat, 10 Jul 2021 01:01:35 GMT
sync with site complete at Sun, 11 Jul 2021 01:08:23 GMT
sync with site complete at Mon, 12 Jul 2021 01:01:49 GMT
sync with site complete at Tue, 13 Jul 2021 01:04:38 GMT
sync with site complete at Wed, 14 Jul 2021 00:59:30 GMT
sync with site complete at Thu, 15 Jul 2021 01:04:14 GMT
sync with site complete at Fri, 16 Jul 2021 01:03:55 GMT
sync with site complete at Sat, 17 Jul 2021 01:01:34 GMT
sync with site complete at Sun, 18 Jul 2021 01:05:24 GMT
sync with site complete at Mon, 19 Jul 2021 01:03:53 GMT
sync with site complete at Tue, 20 Jul 2021 01:08:14 GMT
sync with site complete at Wed, 21 Jul 2021 01:04:52 GMT
sync with site complete at Thu, 22 Jul 2021 01:05:34 GMT
sync with site complete at Fri, 23 Jul 2021 01:04:36 GMT
sync with site complete at Sat, 24 Jul 2021 01:04:14 GMT
sync with site complete at Sun, 25 Jul 2021 01:05:42 GMT
sync with site complete at Mon, 26 Jul 2021 01:03:56 GMT
sync with site complete at Tue, 27 Jul 2021 01:05:40 GMT
sync with site complete at Wed, 28 Jul 2021 01:07:02 GMT
sync with site complete at Thu, 29 Jul 2021 01:02:16 GMT
sync with site complete at Fri, 30 Jul 2021 01:15:19 GMT
sync with site complete at Sat, 31 Jul 2021 01:03:06 GMT
sync with site complete at Sun, 01 Aug 2021 01:12:41 GMT
sync with site complete at Mon, 02 Aug 2021 01:03:38 GMT
sync with site complete at Tue, 03 Aug 2021 01:07:50 GMT
sync with site complete at Wed, 04 Aug 2021 01:03:14 GMT
sync with site complete at Thu, 05 Aug 2021 01:04:30 GMT
sync with site complete at Fri, 06 Aug 2021 00:49:04 GMT
sync with site complete at Fri, 06 Aug 2021 01:07:11 GMT
sync with site complete at Sat, 07 Aug 2021 00:58:29 GMT
sync with site complete at Sun, 08 Aug 2021 01:04:14 GMT
sync with site complete at Mon, 09 Aug 2021 01:03:50 GMT
sync with site complete at Tue, 10 Aug 2021 01:05:55 GMT
sync with site complete at Wed, 11 Aug 2021 01:04:04 GMT
sync with site complete at Thu, 12 Aug 2021 01:02:28 GMT
sync with site complete at Fri, 13 Aug 2021 01:03:55 GMT
sync with site complete at Sat, 14 Aug 2021 00:58:47 GMT
sync with site complete at Sun, 15 Aug 2021 01:03:24 GMT
sync with site complete at Mon, 16 Aug 2021 01:02:10 GMT
sync with site complete at Tue, 17 Aug 2021 01:01:39 GMT
sync with site complete at Wed, 18 Aug 2021 01:03:14 GMT
sync with site complete at Thu, 19 Aug 2021 00:56:03 GMT
sync with site complete at Fri, 20 Aug 2021 01:01:13 GMT
sync with site complete at Sat, 21 Aug 2021 01:00:13 GMT
sync with site complete at Sun, 22 Aug 2021 01:01:23 GMT
sync with site complete at Mon, 23 Aug 2021 00:57:52 GMT
sync with site complete at Tue, 24 Aug 2021 01:01:04 GMT
sync with site complete at Wed, 25 Aug 2021 01:01:46 GMT
sync with site complete at Thu, 26 Aug 2021 00:59:36 GMT
sync with site complete at Fri, 27 Aug 2021 01:06:32 GMT
sync with site complete at Sat, 28 Aug 2021 00:59:06 GMT
sync with site complete at Sun, 29 Aug 2021 01:04:55 GMT
sync with site complete at Mon, 30 Aug 2021 01:02:25 GMT
sync with site complete at Tue, 31 Aug 2021 01:03:51 GMT
sync with site complete at Wed, 01 Sep 2021 01:09:50 GMT
sync with site complete at Thu, 02 Sep 2021 01:03:52 GMT
sync with site complete at Fri, 03 Sep 2021 01:03:07 GMT
sync with site complete at Sat, 04 Sep 2021 01:04:41 GMT
sync with site complete at Sun, 05 Sep 2021 01:06:13 GMT
sync with site complete at Mon, 06 Sep 2021 01:10:34 GMT
sync with site complete at Tue, 07 Sep 2021 01:01:58 GMT
sync with site complete at Wed, 08 Sep 2021 01:02:35 GMT
sync with site complete at Thu, 09 Sep 2021 01:07:34 GMT
sync with site complete at Fri, 10 Sep 2021 01:08:16 GMT
sync with site complete at Sat, 11 Sep 2021 01:03:05 GMT
sync with site complete at Sun, 12 Sep 2021 01:06:55 GMT
sync with site complete at Mon, 13 Sep 2021 01:06:40 GMT
sync with site complete at Tue, 14 Sep 2021 01:08:06 GMT
sync with site complete at Wed, 15 Sep 2021 01:04:22 GMT
sync with site complete at Thu, 16 Sep 2021 01:09:04 GMT
sync with site complete at Fri, 17 Sep 2021 01:12:12 GMT
sync with site complete at Sat, 18 Sep 2021 01:03:50 GMT
sync with site complete at Sun, 19 Sep 2021 01:06:30 GMT
sync with site complete at Mon, 20 Sep 2021 01:09:15 GMT
sync with site complete at Tue, 21 Sep 2021 01:06:34 GMT
sync with site complete at Wed, 22 Sep 2021 01:07:21 GMT
sync with site complete at Thu, 23 Sep 2021 01:10:09 GMT
sync with site complete at Fri, 24 Sep 2021 01:07:36 GMT
sync with site complete at Sat, 25 Sep 2021 01:04:29 GMT
sync with site complete at Sun, 26 Sep 2021 01:07:36 GMT
sync with site complete at Mon, 27 Sep 2021 01:05:27 GMT
sync with site complete at Tue, 28 Sep 2021 01:06:25 GMT
sync with site complete at Wed, 29 Sep 2021 01:03:28 GMT
sync with site complete at Thu, 30 Sep 2021 01:13:47 GMT
sync with site complete at Fri, 01 Oct 2021 01:10:52 GMT
sync with site complete at Sat, 02 Oct 2021 01:05:05 GMT
sync with site complete at Sun, 03 Oct 2021 01:12:18 GMT
sync with site complete at Mon, 04 Oct 2021 01:11:44 GMT
sync with site complete at Tue, 05 Oct 2021 01:06:35 GMT
sync with site complete at Wed, 06 Oct 2021 01:07:30 GMT
sync with site complete at Thu, 07 Oct 2021 01:09:27 GMT
sync with site complete at Fri, 08 Oct 2021 01:11:33 GMT
sync with site complete at Sat, 09 Oct 2021 01:04:22 GMT
sync with site complete at Sun, 10 Oct 2021 01:08:56 GMT
sync with site complete at Mon, 11 Oct 2021 01:09:35 GMT
sync with site complete at Tue, 12 Oct 2021 01:10:56 GMT
sync with site complete at Wed, 13 Oct 2021 01:10:03 GMT
sync with site complete at Thu, 14 Oct 2021 01:06:47 GMT
sync with site complete at Fri, 15 Oct 2021 01:11:21 GMT
sync with site complete at Sat, 16 Oct 2021 01:14:27 GMT
sync with site complete at Sun, 17 Oct 2021 01:07:51 GMT
sync with site complete at Mon, 18 Oct 2021 01:11:32 GMT
sync with site complete at Tue, 19 Oct 2021 01:11:32 GMT
sync with site complete at Wed, 20 Oct 2021 01:10:39 GMT
sync with site complete at Thu, 21 Oct 2021 01:15:45 GMT
sync with site complete at Fri, 22 Oct 2021 01:17:30 GMT
sync with site complete at Sat, 23 Oct 2021 01:09:41 GMT
sync with site complete at Sun, 24 Oct 2021 01:08:13 GMT
sync with site complete at Mon, 25 Oct 2021 01:09:44 GMT
sync with site complete at Tue, 26 Oct 2021 01:04:31 GMT
sync with site complete at Wed, 27 Oct 2021 01:04:06 GMT
sync with site complete at Thu, 28 Oct 2021 01:05:21 GMT
sync with site complete at Fri, 29 Oct 2021 01:03:35 GMT
sync with site complete at Sat, 30 Oct 2021 01:03:28 GMT
sync with site complete at Sun, 31 Oct 2021 01:08:27 GMT
sync with site complete at Mon, 01 Nov 2021 01:08:42 GMT
sync with site complete at Tue, 02 Nov 2021 01:09:18 GMT
sync with site complete at Wed, 03 Nov 2021 01:05:09 GMT
sync with site complete at Thu, 04 Nov 2021 01:05:52 GMT
sync with site complete at Fri, 05 Nov 2021 01:05:21 GMT
sync with site complete at Sat, 06 Nov 2021 01:03:48 GMT
sync with site complete at Sun, 07 Nov 2021 01:08:16 GMT
sync with site complete at Mon, 08 Nov 2021 01:06:16 GMT
sync with site complete at Tue, 09 Nov 2021 01:06:25 GMT
sync with site complete at Wed, 10 Nov 2021 01:05:58 GMT
sync with site complete at Thu, 11 Nov 2021 01:07:08 GMT
sync with site complete at Fri, 12 Nov 2021 01:07:28 GMT
sync with site complete at Sat, 13 Nov 2021 01:04:57 GMT
sync with site complete at Sun, 14 Nov 2021 01:08:25 GMT
sync with site complete at Mon, 15 Nov 2021 01:06:07 GMT
sync with site complete at Tue, 16 Nov 2021 01:06:39 GMT
sync with site complete at Wed, 17 Nov 2021 01:06:02 GMT
sync with site complete at Thu, 18 Nov 2021 01:06:43 GMT
sync with site complete at Fri, 19 Nov 2021 01:06:42 GMT
sync with site complete at Sat, 20 Nov 2021 01:05:18 GMT
sync with site complete at Sun, 21 Nov 2021 01:09:23 GMT
sync with site complete at Mon, 22 Nov 2021 01:07:38 GMT
sync with site complete at Tue, 23 Nov 2021 01:06:27 GMT
sync with site complete at Wed, 24 Nov 2021 01:06:12 GMT
sync with site complete at Thu, 25 Nov 2021 01:07:17 GMT
sync with site complete at Fri, 26 Nov 2021 01:05:27 GMT
sync with site complete at Sat, 27 Nov 2021 01:04:49 GMT
sync with site complete at Sun, 28 Nov 2021 01:07:56 GMT
sync with site complete at Mon, 29 Nov 2021 01:06:44 GMT
sync with site complete at Tue, 30 Nov 2021 01:06:15 GMT
sync with site complete at Wed, 01 Dec 2021 01:11:19 GMT
sync with site complete at Thu, 02 Dec 2021 01:07:48 GMT
sync with site complete at Fri, 03 Dec 2021 01:07:08 GMT
sync with site complete at Sat, 04 Dec 2021 01:07:01 GMT
sync with site complete at Sun, 05 Dec 2021 01:13:36 GMT
sync with site complete at Mon, 06 Dec 2021 01:09:52 GMT
sync with site complete at Tue, 07 Dec 2021 01:11:52 GMT
sync with site complete at Wed, 08 Dec 2021 01:10:26 GMT
sync with site complete at Thu, 09 Dec 2021 01:09:21 GMT
sync with site complete at Fri, 10 Dec 2021 01:09:30 GMT
sync with site complete at Sat, 11 Dec 2021 01:07:59 GMT
sync with site complete at Sun, 12 Dec 2021 01:12:30 GMT
sync with site complete at Mon, 13 Dec 2021 01:09:15 GMT
sync with site complete at Tue, 14 Dec 2021 01:12:48 GMT
sync with site complete at Wed, 15 Dec 2021 01:08:47 GMT
sync with site complete at Thu, 16 Dec 2021 01:08:55 GMT
sync with site complete at Fri, 17 Dec 2021 01:11:47 GMT
sync with site complete at Sat, 18 Dec 2021 01:13:35 GMT
sync with site complete at Sun, 19 Dec 2021 01:15:20 GMT
sync with site complete at Mon, 20 Dec 2021 01:11:42 GMT
sync with site complete at Tue, 21 Dec 2021 01:13:21 GMT
sync with site complete at Wed, 22 Dec 2021 01:12:51 GMT
sync with site complete at Thu, 23 Dec 2021 01:10:56 GMT
sync with site complete at Fri, 24 Dec 2021 01:09:55 GMT
sync with site complete at Sat, 25 Dec 2021 01:09:22 GMT
sync with site complete at Sun, 26 Dec 2021 01:15:13 GMT
sync with site complete at Mon, 27 Dec 2021 01:14:15 GMT
sync with site complete at Tue, 28 Dec 2021 01:10:51 GMT
sync with site complete at Wed, 29 Dec 2021 01:10:31 GMT
sync with site complete at Thu, 30 Dec 2021 01:10:37 GMT
sync with site complete at Fri, 31 Dec 2021 01:13:03 GMT
sync with site complete at Sat, 01 Jan 2022 01:13:57 GMT
sync with site complete at Sun, 02 Jan 2022 01:15:18 GMT
sync with site complete at Mon, 03 Jan 2022 01:11:50 GMT
sync with site complete at Tue, 04 Jan 2022 01:12:40 GMT
sync with site complete at Wed, 05 Jan 2022 01:14:33 GMT
sync with site complete at Thu, 06 Jan 2022 01:18:53 GMT
sync with site complete at Fri, 07 Jan 2022 01:20:02 GMT
sync with site complete at Sat, 08 Jan 2022 01:12:24 GMT
sync with site complete at Sun, 09 Jan 2022 01:16:46 GMT
sync with site complete at Mon, 10 Jan 2022 01:11:57 GMT
sync with site complete at Tue, 11 Jan 2022 01:14:39 GMT
sync with site complete at Wed, 12 Jan 2022 01:13:15 GMT
sync with site complete at Thu, 13 Jan 2022 01:16:22 GMT
sync with site complete at Fri, 14 Jan 2022 01:15:03 GMT
sync with site complete at Sat, 15 Jan 2022 01:12:10 GMT
sync with site complete at Sun, 16 Jan 2022 01:17:32 GMT
sync with site complete at Mon, 17 Jan 2022 01:14:21 GMT
sync with site complete at Tue, 18 Jan 2022 01:15:40 GMT
sync with site complete at Wed, 19 Jan 2022 01:06:16 GMT
sync with site complete at Thu, 20 Jan 2022 01:22:00 GMT
sync with site complete at Fri, 21 Jan 2022 01:06:52 GMT
sync with site complete at Sat, 22 Jan 2022 01:06:01 GMT
sync with site complete at Sun, 23 Jan 2022 01:09:02 GMT
sync with site complete at Mon, 24 Jan 2022 01:09:25 GMT
sync with site complete at Tue, 25 Jan 2022 01:15:12 GMT
sync with site complete at Wed, 26 Jan 2022 01:15:56 GMT
sync with site complete at Thu, 27 Jan 2022 01:09:22 GMT
sync with site complete at Fri, 28 Jan 2022 01:09:35 GMT
sync with site complete at Sat, 29 Jan 2022 01:04:18 GMT
sync with site complete at Sun, 30 Jan 2022 01:10:10 GMT
sync with site complete at Mon, 31 Jan 2022 01:07:25 GMT
sync with site complete at Tue, 01 Feb 2022 01:12:18 GMT
sync with site complete at Wed, 02 Feb 2022 01:10:29 GMT
sync with site complete at Thu, 03 Feb 2022 01:07:01 GMT
sync with site complete at Fri, 04 Feb 2022 01:07:07 GMT
sync with site complete at Sat, 05 Feb 2022 00:59:35 GMT
sync with site complete at Sun, 06 Feb 2022 01:17:58 GMT
sync with site complete at Mon, 07 Feb 2022 01:09:33 GMT
sync with site complete at Tue, 08 Feb 2022 01:12:56 GMT
sync with site complete at Wed, 09 Feb 2022 01:15:41 GMT
sync with site complete at Thu, 10 Feb 2022 01:12:16 GMT
sync with site complete at Fri, 11 Feb 2022 01:15:41 GMT
sync with site complete at Sat, 12 Feb 2022 01:16:00 GMT
sync with site complete at Sun, 13 Feb 2022 01:16:42 GMT
sync with site complete at Mon, 14 Feb 2022 01:08:22 GMT
sync with site complete at Tue, 15 Feb 2022 01:20:27 GMT
sync with site complete at Wed, 16 Feb 2022 01:17:07 GMT
sync with site complete at Thu, 17 Feb 2022 01:06:36 GMT
sync with site complete at Fri, 18 Feb 2022 01:18:49 GMT
sync with site complete at Sat, 19 Feb 2022 01:14:16 GMT
sync with site complete at Sun, 20 Feb 2022 01:19:19 GMT
sync with site complete at Mon, 21 Feb 2022 01:10:24 GMT
sync with site complete at Tue, 22 Feb 2022 01:12:35 GMT
sync with site complete at Wed, 23 Feb 2022 01:21:27 GMT
sync with site complete at Thu, 24 Feb 2022 01:20:41 GMT
sync with site complete at Fri, 25 Feb 2022 01:18:15 GMT
sync with site complete at Sat, 26 Feb 2022 01:11:12 GMT
sync with site complete at Sun, 27 Feb 2022 01:18:46 GMT
sync with site complete at Mon, 28 Feb 2022 01:18:15 GMT
sync with site complete at Tue, 01 Mar 2022 01:33:23 GMT
sync with site complete at Wed, 02 Mar 2022 01:22:32 GMT
sync with site complete at Thu, 03 Mar 2022 01:23:21 GMT
sync with site complete at Fri, 04 Mar 2022 01:34:45 GMT
sync with site complete at Sat, 05 Mar 2022 01:20:47 GMT
sync with site complete at Sun, 06 Mar 2022 01:19:37 GMT
sync with site complete at Mon, 07 Mar 2022 01:20:56 GMT
sync with site complete at Tue, 08 Mar 2022 01:20:34 GMT
sync with site complete at Wed, 09 Mar 2022 01:24:07 GMT
sync with site complete at Thu, 10 Mar 2022 01:35:12 GMT
sync with site complete at Fri, 11 Mar 2022 01:26:46 GMT
sync with site complete at Sat, 12 Mar 2022 01:15:40 GMT
sync with site complete at Sun, 13 Mar 2022 01:18:26 GMT
sync with site complete at Mon, 14 Mar 2022 01:23:28 GMT
sync with site complete at Tue, 15 Mar 2022 01:25:53 GMT
sync with site complete at Wed, 16 Mar 2022 01:34:39 GMT
sync with site complete at Thu, 17 Mar 2022 01:24:20 GMT
sync with site complete at Fri, 18 Mar 2022 01:35:22 GMT
sync with site complete at Sat, 19 Mar 2022 01:21:53 GMT
sync with site complete at Sun, 20 Mar 2022 01:26:10 GMT
sync with site complete at Mon, 21 Mar 2022 01:40:05 GMT
sync with site complete at Tue, 22 Mar 2022 01:39:21 GMT
sync with site complete at Wed, 23 Mar 2022 01:44:08 GMT
sync with site complete at Thu, 24 Mar 2022 01:38:37 GMT
sync with site complete at Fri, 25 Mar 2022 01:36:29 GMT
sync with site complete at Sat, 26 Mar 2022 01:38:12 GMT
sync with site complete at Sun, 27 Mar 2022 01:41:02 GMT
sync with site complete at Mon, 28 Mar 2022 01:47:42 GMT
sync with site complete at Tue, 29 Mar 2022 01:47:02 GMT
sync with site complete at Wed, 30 Mar 2022 01:46:07 GMT
sync with site complete at Thu, 31 Mar 2022 01:42:36 GMT
sync with site complete at Fri, 01 Apr 2022 01:56:48 GMT
sync with site complete at Sat, 02 Apr 2022 01:42:32 GMT
sync with site complete at Sun, 03 Apr 2022 01:46:40 GMT
sync with site complete at Mon, 04 Apr 2022 01:51:15 GMT
sync with site complete at Tue, 05 Apr 2022 01:42:01 GMT
sync with site complete at Wed, 06 Apr 2022 01:44:10 GMT
sync with site complete at Thu, 07 Apr 2022 01:40:42 GMT
sync with site complete at Fri, 08 Apr 2022 01:45:50 GMT
sync with site complete at Sat, 09 Apr 2022 01:40:02 GMT
sync with site complete at Sun, 10 Apr 2022 01:47:30 GMT
sync with site complete at Mon, 11 Apr 2022 01:50:48 GMT
sync with site complete at Tue, 12 Apr 2022 01:45:47 GMT
sync with site complete at Wed, 13 Apr 2022 01:54:07 GMT
sync with site complete at Thu, 14 Apr 2022 01:55:25 GMT
sync with site complete at Fri, 15 Apr 2022 01:49:42 GMT
sync with site complete at Sat, 16 Apr 2022 01:41:37 GMT
sync with site complete at Sun, 17 Apr 2022 01:48:25 GMT
sync with site complete at Mon, 18 Apr 2022 02:01:08 GMT
sync with site complete at Tue, 19 Apr 2022 01:59:13 GMT
sync with site complete at Wed, 20 Apr 2022 02:03:56 GMT
sync with site complete at Thu, 21 Apr 2022 01:54:51 GMT
sync with site complete at Fri, 22 Apr 2022 02:02:11 GMT
sync with site complete at Sat, 23 Apr 2022 01:49:48 GMT
sync with site complete at Sun, 24 Apr 2022 01:46:49 GMT
sync with site complete at Mon, 25 Apr 2022 01:51:33 GMT
sync with site complete at Tue, 26 Apr 2022 02:02:31 GMT
sync with site complete at Wed, 27 Apr 2022 02:04:53 GMT
sync with site complete at Thu, 28 Apr 2022 02:39:22 GMT
sync with site complete at Fri, 29 Apr 2022 02:04:15 GMT
sync with site complete at Sat, 30 Apr 2022 02:02:44 GMT
sync with site complete at Sun, 01 May 2022 02:25:51 GMT
sync with site complete at Mon, 02 May 2022 02:07:31 GMT
sync with site complete at Tue, 03 May 2022 02:07:14 GMT
sync with site complete at Wed, 04 May 2022 02:04:16 GMT
sync with site complete at Thu, 05 May 2022 01:54:49 GMT
sync with site complete at Fri, 06 May 2022 01:48:46 GMT
sync with site complete at Sat, 07 May 2022 01:47:00 GMT
sync with site complete at Sun, 08 May 2022 02:00:54 GMT
sync with site complete at Mon, 09 May 2022 02:01:27 GMT
sync with site complete at Tue, 10 May 2022 01:37:31 GMT
sync with site complete at Wed, 11 May 2022 00:07:57 GMT
sync with site complete at Wed, 11 May 2022 02:01:37 GMT
sync with site complete at Thu, 12 May 2022 02:01:17 GMT
sync with site complete at Fri, 13 May 2022 02:08:00 GMT
sync with site complete at Sat, 14 May 2022 02:11:56 GMT
sync with site complete at Sun, 15 May 2022 00:56:02 GMT
sync with site complete at Sun, 15 May 2022 02:06:52 GMT
sync with site complete at Mon, 16 May 2022 01:50:44 GMT
sync with site complete at Tue, 17 May 2022 01:57:27 GMT
sync with site complete at Wed, 18 May 2022 01:50:17 GMT
sync with site complete at Thu, 19 May 2022 02:06:07 GMT
sync with site complete at Fri, 20 May 2022 01:57:25 GMT
sync with site complete at Sat, 21 May 2022 01:35:00 GMT
sync with site complete at Sun, 22 May 2022 01:52:42 GMT
sync with site complete at Mon, 23 May 2022 01:56:04 GMT
sync with site complete at Tue, 24 May 2022 02:02:01 GMT
sync with site complete at Wed, 25 May 2022 02:00:33 GMT
sync with site complete at Thu, 26 May 2022 02:04:52 GMT
sync with site complete at Fri, 27 May 2022 01:59:25 GMT
sync with site complete at Sat, 28 May 2022 01:54:22 GMT
sync with site complete at Sun, 29 May 2022 02:15:40 GMT
sync with site complete at Mon, 30 May 2022 02:08:24 GMT
sync with site complete at Tue, 31 May 2022 02:03:40 GMT
sync with site complete at Wed, 01 Jun 2022 02:22:56 GMT
sync with site complete at Thu, 02 Jun 2022 02:03:34 GMT
sync with site complete at Fri, 03 Jun 2022 01:49:58 GMT
sync with site complete at Sat, 04 Jun 2022 01:49:48 GMT
sync with site complete at Sun, 05 Jun 2022 02:02:09 GMT
sync with site complete at Mon, 06 Jun 2022 02:01:20 GMT
sync with site complete at Tue, 07 Jun 2022 01:55:58 GMT
sync with site complete at Wed, 08 Jun 2022 01:55:23 GMT
sync with site complete at Thu, 09 Jun 2022 01:58:42 GMT
sync with site complete at Fri, 10 Jun 2022 02:02:38 GMT
sync with site complete at Sat, 11 Jun 2022 01:56:44 GMT
sync with site complete at Sun, 12 Jun 2022 02:12:16 GMT
sync with site complete at Mon, 13 Jun 2022 02:08:54 GMT
sync with site complete at Tue, 14 Jun 2022 02:13:22 GMT
sync with site complete at Wed, 15 Jun 2022 02:07:23 GMT
sync with site complete at Thu, 16 Jun 2022 02:00:54 GMT
sync with site complete at Fri, 17 Jun 2022 02:01:33 GMT
sync with site complete at Sat, 18 Jun 2022 02:02:25 GMT
sync with site complete at Sun, 19 Jun 2022 02:14:31 GMT
sync with site complete at Mon, 20 Jun 2022 02:01:59 GMT
sync with site complete at Tue, 21 Jun 2022 02:02:42 GMT
sync with site complete at Wed, 22 Jun 2022 02:16:13 GMT
sync with site complete at Thu, 23 Jun 2022 02:02:33 GMT
sync with site complete at Fri, 24 Jun 2022 02:07:43 GMT
sync with site complete at Sat, 25 Jun 2022 02:11:16 GMT
sync with site complete at Sun, 26 Jun 2022 02:21:46 GMT
sync with site complete at Mon, 27 Jun 2022 02:07:48 GMT
sync with site complete at Tue, 28 Jun 2022 02:05:53 GMT
sync with site complete at Wed, 29 Jun 2022 02:14:06 GMT
sync with site complete at Wed, 29 Jun 2022 15:16:22 GMT
sync with site complete at Wed, 29 Jun 2022 15:23:34 GMT
sync with site complete at Wed, 29 Jun 2022 15:25:21 GMT
sync with site complete at Wed, 29 Jun 2022 15:28:55 GMT
sync with site complete at Wed, 29 Jun 2022 15:32:39 GMT
sync with site complete at Wed, 29 Jun 2022 15:33:49 GMT
sync with site complete at Wed, 29 Jun 2022 15:43:10 GMT
sync with site complete at Thu, 30 Jun 2022 01:04:01 GMT
sync with site complete at Fri, 01 Jul 2022 01:14:23 GMT
sync with site complete at Sat, 02 Jul 2022 01:10:01 GMT
sync with site complete at Sun, 03 Jul 2022 01:08:33 GMT
sync with site complete at Mon, 04 Jul 2022 01:14:21 GMT
sync with site complete at Tue, 05 Jul 2022 01:04:31 GMT
sync with site complete at Wed, 06 Jul 2022 01:13:56 GMT
sync with site complete at Thu, 07 Jul 2022 01:11:05 GMT
sync with site complete at Fri, 08 Jul 2022 01:11:50 GMT
sync with site complete at Sat, 09 Jul 2022 00:58:58 GMT
sync with site complete at Sun, 10 Jul 2022 01:14:05 GMT
sync with site complete at Mon, 11 Jul 2022 01:09:45 GMT
sync with site complete at Tue, 12 Jul 2022 01:12:20 GMT
sync with site complete at Wed, 13 Jul 2022 01:04:58 GMT
sync with site complete at Thu, 14 Jul 2022 01:12:21 GMT
sync with site complete at Fri, 15 Jul 2022 01:16:25 GMT
sync with site complete at Sat, 16 Jul 2022 01:11:18 GMT
sync with site complete at Sun, 17 Jul 2022 01:12:40 GMT
sync with site complete at Mon, 18 Jul 2022 01:07:37 GMT
sync with site complete at Tue, 19 Jul 2022 01:15:52 GMT
sync with site complete at Wed, 20 Jul 2022 01:04:56 GMT
sync with site complete at Thu, 21 Jul 2022 01:07:26 GMT
sync with site complete at Fri, 22 Jul 2022 01:12:53 GMT
sync with site complete at Sat, 23 Jul 2022 01:08:43 GMT
sync with site complete at Sun, 24 Jul 2022 01:14:40 GMT
sync with site complete at Mon, 25 Jul 2022 01:08:19 GMT
sync with site complete at Tue, 26 Jul 2022 01:12:13 GMT
sync with site complete at Tue, 26 Jul 2022 18:03:41 GMT
sync with site complete at Wed, 27 Jul 2022 01:13:23 GMT
sync with site complete at Wed, 27 Jul 2022 12:39:32 GMT
sync with site complete at Thu, 28 Jul 2022 01:07:28 GMT
sync with site complete at Fri, 29 Jul 2022 01:10:55 GMT
sync with site complete at Fri, 29 Jul 2022 14:02:35 GMT
sync with site complete at Sat, 30 Jul 2022 01:05:00 GMT
sync with site complete at Sat, 30 Jul 2022 10:34:16 GMT
sync with site complete at Sun, 31 Jul 2022 01:14:52 GMT
sync with site complete at Mon, 01 Aug 2022 01:18:13 GMT
sync with site complete at Tue, 02 Aug 2022 01:19:54 GMT
sync with site complete at Wed, 03 Aug 2022 01:15:15 GMT
sync with site complete at Thu, 04 Aug 2022 01:13:27 GMT
sync with site complete at Fri, 05 Aug 2022 01:15:48 GMT
sync with site complete at Sat, 06 Aug 2022 01:03:27 GMT
sync with site complete at Sat, 06 Aug 2022 22:50:19 GMT
sync with site complete at Sun, 07 Aug 2022 01:12:35 GMT
sync with site complete at Mon, 08 Aug 2022 01:05:39 GMT
sync with site complete at Tue, 09 Aug 2022 01:16:01 GMT
sync with site complete at Wed, 10 Aug 2022 01:08:58 GMT
sync with site complete at Thu, 11 Aug 2022 01:03:31 GMT
sync with site complete at Fri, 12 Aug 2022 01:05:06 GMT
sync with site complete at Sat, 13 Aug 2022 01:01:55 GMT
sync with site complete at Sun, 14 Aug 2022 01:08:16 GMT
sync with site complete at Mon, 15 Aug 2022 01:12:12 GMT
sync with site complete at Tue, 16 Aug 2022 01:15:32 GMT
sync with site complete at Wed, 17 Aug 2022 01:15:47 GMT
sync with site complete at Thu, 18 Aug 2022 01:18:07 GMT
sync with site complete at Fri, 19 Aug 2022 01:11:37 GMT
sync with site complete at Sat, 20 Aug 2022 01:08:31 GMT
sync with site complete at Sun, 21 Aug 2022 01:07:21 GMT
sync with site complete at Mon, 22 Aug 2022 01:09:35 GMT
sync with site complete at Tue, 23 Aug 2022 01:20:19 GMT
sync with site complete at Wed, 24 Aug 2022 01:15:30 GMT
sync with site complete at Thu, 25 Aug 2022 01:18:40 GMT
sync with site complete at Fri, 26 Aug 2022 01:13:36 GMT
sync with site complete at Sat, 27 Aug 2022 01:06:28 GMT
sync with site complete at Sun, 28 Aug 2022 01:13:01 GMT
sync with site complete at Mon, 29 Aug 2022 01:20:46 GMT
sync with site complete at Tue, 30 Aug 2022 01:22:31 GMT
sync with site complete at Wed, 31 Aug 2022 01:23:21 GMT
sync with site complete at Thu, 01 Sep 2022 01:09:50 GMT
sync with site complete at Fri, 02 Sep 2022 01:15:50 GMT
sync with site complete at Sat, 03 Sep 2022 01:10:29 GMT
sync with site complete at Sun, 04 Sep 2022 01:12:17 GMT
sync with site complete at Mon, 05 Sep 2022 01:22:58 GMT
sync with site complete at Tue, 06 Sep 2022 01:22:29 GMT
sync with site complete at Wed, 07 Sep 2022 01:20:02 GMT
sync with site complete at Thu, 08 Sep 2022 01:15:21 GMT
sync with site complete at Fri, 09 Sep 2022 01:19:47 GMT
sync with site complete at Sat, 10 Sep 2022 01:19:19 GMT
sync with site complete at Sun, 11 Sep 2022 01:19:55 GMT
sync with site complete at Mon, 12 Sep 2022 01:20:33 GMT
sync with site complete at Tue, 13 Sep 2022 01:18:00 GMT
sync with site complete at Wed, 14 Sep 2022 01:15:48 GMT
sync with site complete at Thu, 15 Sep 2022 01:22:12 GMT
sync with site complete at Fri, 16 Sep 2022 01:22:51 GMT
sync with site complete at Sat, 17 Sep 2022 01:15:40 GMT
sync with site complete at Sun, 18 Sep 2022 01:22:21 GMT
sync with site complete at Mon, 19 Sep 2022 01:20:04 GMT
sync with site complete at Tue, 20 Sep 2022 01:19:58 GMT
sync with site complete at Wed, 21 Sep 2022 01:21:56 GMT
sync with site complete at Thu, 22 Sep 2022 01:16:43 GMT
sync with site complete at Fri, 23 Sep 2022 01:22:27 GMT
sync with site complete at Sat, 24 Sep 2022 01:21:22 GMT
sync with site complete at Sun, 25 Sep 2022 01:16:54 GMT
sync with site complete at Mon, 26 Sep 2022 01:21:54 GMT
sync with site complete at Tue, 27 Sep 2022 01:20:03 GMT
sync with site complete at Wed, 28 Sep 2022 01:20:16 GMT
sync with site complete at Thu, 29 Sep 2022 01:23:55 GMT
sync with site complete at Fri, 30 Sep 2022 01:53:19 GMT
sync with site complete at Sat, 01 Oct 2022 01:42:20 GMT
sync with site complete at Sun, 02 Oct 2022 01:27:05 GMT
sync with site complete at Mon, 03 Oct 2022 01:16:08 GMT
sync with site complete at Tue, 04 Oct 2022 01:24:08 GMT
sync with site complete at Wed, 05 Oct 2022 01:22:07 GMT
sync with site complete at Thu, 06 Oct 2022 01:16:58 GMT
sync with site complete at Fri, 07 Oct 2022 01:27:01 GMT
sync with site complete at Sat, 08 Oct 2022 01:12:37 GMT
sync with site complete at Sun, 09 Oct 2022 01:19:10 GMT
sync with site complete at Mon, 10 Oct 2022 01:24:04 GMT
sync with site complete at Tue, 11 Oct 2022 01:16:29 GMT
sync with site complete at Wed, 12 Oct 2022 01:42:31 GMT
sync with site complete at Thu, 13 Oct 2022 01:22:04 GMT
sync with site complete at Fri, 14 Oct 2022 01:42:39 GMT
sync with site complete at Sat, 15 Oct 2022 01:23:42 GMT
sync with site complete at Sun, 16 Oct 2022 01:35:32 GMT
sync with site complete at Mon, 17 Oct 2022 01:41:38 GMT
sync with site complete at Tue, 18 Oct 2022 01:24:13 GMT
sync with site complete at Wed, 19 Oct 2022 01:24:53 GMT
sync with site complete at Thu, 20 Oct 2022 01:19:49 GMT
sync with site complete at Fri, 21 Oct 2022 01:16:13 GMT
sync with site complete at Sat, 22 Oct 2022 01:23:20 GMT
sync with site complete at Sun, 23 Oct 2022 01:22:50 GMT
sync with site complete at Mon, 24 Oct 2022 01:43:26 GMT
sync with site complete at Tue, 25 Oct 2022 01:36:53 GMT
sync with site complete at Wed, 26 Oct 2022 01:15:05 GMT
sync with site complete at Thu, 27 Oct 2022 01:14:11 GMT
sync with site complete at Fri, 28 Oct 2022 01:19:49 GMT
sync with site complete at Sat, 29 Oct 2022 01:05:57 GMT
sync with site complete at Sun, 30 Oct 2022 01:20:48 GMT
sync with site complete at Mon, 31 Oct 2022 01:21:56 GMT
sync with site complete at Tue, 01 Nov 2022 01:26:23 GMT
sync with site complete at Wed, 02 Nov 2022 01:19:09 GMT
sync with site complete at Thu, 03 Nov 2022 01:12:20 GMT
sync with site complete at Fri, 04 Nov 2022 01:14:52 GMT
sync with site complete at Sat, 05 Nov 2022 01:12:09 GMT
sync with site complete at Sun, 06 Nov 2022 01:10:19 GMT
sync with site complete at Mon, 07 Nov 2022 01:08:03 GMT
sync with site complete at Tue, 08 Nov 2022 01:08:21 GMT
sync with site complete at Wed, 09 Nov 2022 01:09:30 GMT
sync with site complete at Thu, 10 Nov 2022 01:09:44 GMT
sync with site complete at Fri, 11 Nov 2022 01:12:44 GMT
sync with site complete at Sat, 12 Nov 2022 01:08:48 GMT
sync with site complete at Sun, 13 Nov 2022 01:07:46 GMT
sync with site complete at Mon, 14 Nov 2022 01:05:58 GMT
sync with site complete at Tue, 15 Nov 2022 01:06:12 GMT
sync with site complete at Wed, 16 Nov 2022 01:06:28 GMT
sync with site complete at Thu, 17 Nov 2022 01:05:42 GMT
sync with site complete at Fri, 18 Nov 2022 01:10:10 GMT
sync with site complete at Sat, 19 Nov 2022 01:07:21 GMT
sync with site complete at Sun, 20 Nov 2022 01:09:45 GMT
sync with site complete at Mon, 21 Nov 2022 01:07:06 GMT
sync with site complete at Tue, 22 Nov 2022 01:07:26 GMT
sync with site complete at Wed, 23 Nov 2022 00:59:40 GMT
sync with site complete at Thu, 24 Nov 2022 01:04:59 GMT
sync with site complete at Fri, 25 Nov 2022 01:00:17 GMT
sync with site complete at Sat, 26 Nov 2022 00:56:26 GMT
sync with site complete at Sun, 27 Nov 2022 01:04:25 GMT
sync with site complete at Mon, 28 Nov 2022 00:57:55 GMT
sync with site complete at Tue, 29 Nov 2022 00:59:55 GMT
sync with site complete at Wed, 30 Nov 2022 01:00:47 GMT
sync with site complete at Thu, 01 Dec 2022 01:07:10 GMT
sync with site complete at Fri, 02 Dec 2022 00:56:39 GMT
sync with site complete at Sat, 03 Dec 2022 00:54:07 GMT
sync with site complete at Sun, 04 Dec 2022 00:56:54 GMT
sync with site complete at Mon, 05 Dec 2022 00:55:33 GMT
sync with site complete at Tue, 06 Dec 2022 00:56:15 GMT
sync with site complete at Wed, 07 Dec 2022 00:58:34 GMT
sync with site complete at Thu, 08 Dec 2022 00:55:29 GMT
sync with site complete at Fri, 09 Dec 2022 00:57:11 GMT
sync with site complete at Sat, 10 Dec 2022 00:53:42 GMT
sync with site complete at Sun, 11 Dec 2022 01:01:45 GMT
sync with site complete at Mon, 12 Dec 2022 00:58:42 GMT
sync with site complete at Tue, 13 Dec 2022 01:00:52 GMT
sync with site complete at Wed, 14 Dec 2022 00:56:51 GMT
sync with site complete at Thu, 15 Dec 2022 00:58:31 GMT
sync with site complete at Fri, 16 Dec 2022 00:54:12 GMT
sync with site complete at Sat, 17 Dec 2022 00:52:18 GMT
sync with site complete at Sun, 18 Dec 2022 00:53:42 GMT
sync with site complete at Mon, 19 Dec 2022 00:52:10 GMT
sync with site complete at Tue, 20 Dec 2022 00:56:11 GMT
sync with site complete at Wed, 21 Dec 2022 00:52:03 GMT
sync with site complete at Thu, 22 Dec 2022 00:54:47 GMT
sync with site complete at Fri, 23 Dec 2022 00:53:17 GMT
sync with site complete at Sat, 24 Dec 2022 00:50:07 GMT
sync with site complete at Sun, 25 Dec 2022 00:56:58 GMT
sync with site complete at Mon, 26 Dec 2022 00:54:50 GMT
sync with site complete at Tue, 27 Dec 2022 00:54:27 GMT
sync with site complete at Wed, 28 Dec 2022 00:53:45 GMT
sync with site complete at Thu, 29 Dec 2022 00:55:22 GMT
sync with site complete at Fri, 30 Dec 2022 00:55:41 GMT
sync with site complete at Sat, 31 Dec 2022 00:52:54 GMT
sync with site complete at Sun, 01 Jan 2023 01:02:39 GMT
sync with site complete at Mon, 02 Jan 2023 00:55:00 GMT
sync with site complete at Tue, 03 Jan 2023 00:54:16 GMT
sync with site complete at Wed, 04 Jan 2023 00:55:38 GMT
sync with site complete at Thu, 05 Jan 2023 00:57:17 GMT
sync with site complete at Thu, 05 Jan 2023 19:17:09 GMT
sync with site complete at Fri, 06 Jan 2023 00:57:37 GMT
sync with site complete at Sat, 07 Jan 2023 00:54:33 GMT
sync with site complete at Sun, 08 Jan 2023 00:59:41 GMT
sync with site complete at Mon, 09 Jan 2023 00:55:29 GMT
sync with site complete at Tue, 10 Jan 2023 00:58:42 GMT
sync with site complete at Wed, 11 Jan 2023 00:56:35 GMT
sync with site complete at Thu, 12 Jan 2023 00:57:28 GMT
sync with site complete at Fri, 13 Jan 2023 00:57:48 GMT
sync with site complete at Fri, 13 Jan 2023 18:14:40 GMT
sync with site complete at Fri, 13 Jan 2023 18:34:42 GMT
sync with site complete at Fri, 13 Jan 2023 18:36:24 GMT
sync with site complete at Sat, 14 Jan 2023 00:53:32 GMT
sync with site complete at Sun, 15 Jan 2023 00:59:47 GMT
sync with site complete at Mon, 16 Jan 2023 00:56:12 GMT
sync with site complete at Tue, 17 Jan 2023 00:57:31 GMT
sync with site complete at Wed, 18 Jan 2023 00:58:49 GMT
sync with site complete at Wed, 18 Jan 2023 22:43:00 GMT
sync with site complete at Thu, 19 Jan 2023 00:58:25 GMT
sync with site complete at Fri, 20 Jan 2023 00:57:19 GMT
sync with site complete at Sat, 21 Jan 2023 00:57:05 GMT
sync with site complete at Sun, 22 Jan 2023 00:59:25 GMT
sync with site complete at Mon, 23 Jan 2023 00:54:58 GMT
sync with site complete at Mon, 23 Jan 2023 05:18:55 GMT
sync with site complete at Tue, 24 Jan 2023 00:58:47 GMT
sync with site complete at Wed, 25 Jan 2023 00:55:18 GMT
sync with site complete at Thu, 26 Jan 2023 00:56:16 GMT
sync with site complete at Thu, 26 Jan 2023 19:02:10 GMT
sync with site complete at Fri, 27 Jan 2023 00:58:34 GMT
sync with site complete at Sat, 28 Jan 2023 00:57:09 GMT
sync with site complete at Sun, 29 Jan 2023 01:01:31 GMT
sync with site complete at Sun, 29 Jan 2023 09:22:39 GMT
sync with site complete at Mon, 30 Jan 2023 00:53:34 GMT
sync with site complete at Tue, 31 Jan 2023 00:59:10 GMT
sync with site complete at Wed, 01 Feb 2023 01:04:13 GMT
sync with site complete at Thu, 02 Feb 2023 00:57:50 GMT
sync with site complete at Thu, 02 Feb 2023 19:38:09 GMT
sync with site complete at Fri, 03 Feb 2023 00:59:38 GMT
sync with site complete at Sat, 04 Feb 2023 00:55:21 GMT
sync with site complete at Sun, 05 Feb 2023 01:01:23 GMT
sync with site complete at Mon, 06 Feb 2023 00:55:26 GMT
sync with site complete at Tue, 07 Feb 2023 00:56:58 GMT
sync with site complete at Wed, 08 Feb 2023 00:57:37 GMT
sync with site complete at Thu, 09 Feb 2023 00:56:41 GMT
sync with site complete at Fri, 10 Feb 2023 01:00:37 GMT
sync with site complete at Sat, 11 Feb 2023 00:53:03 GMT
sync with site complete at Sun, 12 Feb 2023 01:02:01 GMT
sync with site complete at Mon, 13 Feb 2023 00:59:31 GMT
sync with site complete at Tue, 14 Feb 2023 00:59:47 GMT
sync with site complete at Wed, 15 Feb 2023 00:58:58 GMT
sync with site complete at Thu, 16 Feb 2023 00:58:57 GMT
sync with site complete at Thu, 16 Feb 2023 18:14:35 GMT
sync with site complete at Fri, 17 Feb 2023 01:02:19 GMT
sync with site complete at Sat, 18 Feb 2023 00:58:04 GMT
sync with site complete at Sun, 19 Feb 2023 01:00:11 GMT
sync with site complete at Mon, 20 Feb 2023 01:01:00 GMT
sync with site complete at Tue, 21 Feb 2023 01:01:23 GMT
sync with site complete at Wed, 22 Feb 2023 00:56:45 GMT
sync with site complete at Thu, 23 Feb 2023 00:56:40 GMT
sync with site complete at Thu, 23 Feb 2023 10:32:55 GMT
sync with site complete at Thu, 23 Feb 2023 13:52:21 GMT
sync with site complete at Fri, 24 Feb 2023 17:35:32 GMT
sync with site complete at Fri, 24 Feb 2023 17:38:34 GMT
sync with site complete at Fri, 24 Feb 2023 22:15:11 GMT
sync with site complete at Sat, 25 Feb 2023 01:46:16 GMT
sync with site complete at Sat, 25 Feb 2023 14:02:36 GMT
sync with site complete at Sat, 25 Feb 2023 20:36:31 GMT
sync with site complete at Sat, 25 Feb 2023 23:30:05 GMT
sync with site complete at Sun, 26 Feb 2023 01:54:27 GMT
sync with site complete at Sun, 26 Feb 2023 10:09:14 GMT
sync with site complete at Sun, 26 Feb 2023 18:56:59 GMT
sync with site complete at Sun, 26 Feb 2023 23:31:18 GMT
sync with site complete at Mon, 27 Feb 2023 01:47:42 GMT
sync with site complete at Mon, 27 Feb 2023 09:40:46 GMT
sync with site complete at Mon, 27 Feb 2023 16:59:25 GMT
sync with site complete at Mon, 27 Feb 2023 18:15:46 GMT
sync with site complete at Mon, 27 Feb 2023 23:54:20 GMT
sync with site complete at Tue, 28 Feb 2023 01:46:36 GMT
sync with site complete at Tue, 28 Feb 2023 09:44:48 GMT
sync with site complete at Tue, 28 Feb 2023 13:49:50 GMT
sync with site complete at Tue, 28 Feb 2023 18:00:56 GMT
